{"level":"info","message":"Firebase Admin SDK initialized successfully","service":"rag-doc-analyzer-backend","timestamp":"2025-06-01 17:02:41"}
{"level":"info","message":"Firebase initialized successfully","service":"rag-doc-analyzer-backend","timestamp":"2025-06-01 17:02:41"}
{"level":"info","message":"Server running on port 3001 in development mode","service":"rag-doc-analyzer-backend","timestamp":"2025-06-01 17:02:41"}
{"level":"info","message":"Health check available at: http://localhost:3001/health","service":"rag-doc-analyzer-backend","timestamp":"2025-06-01 17:02:41"}
{"level":"info","message":"Firebase Admin SDK initialized successfully","service":"rag-doc-analyzer-backend","timestamp":"2025-06-01 17:12:06"}
{"level":"info","message":"Firebase initialized successfully","service":"rag-doc-analyzer-backend","timestamp":"2025-06-01 17:12:06"}
{"level":"info","message":"Server running on port 3001 in development mode","service":"rag-doc-analyzer-backend","timestamp":"2025-06-01 17:12:06"}
{"level":"info","message":"Health check available at: http://localhost:3001/health","service":"rag-doc-analyzer-backend","timestamp":"2025-06-01 17:12:06"}
{"level":"info","message":"Firebase Admin SDK initialized successfully","service":"rag-doc-analyzer-backend","timestamp":"2025-06-01 17:24:00"}
{"level":"info","message":"Firebase initialized successfully","service":"rag-doc-analyzer-backend","timestamp":"2025-06-01 17:24:00"}
{"level":"info","message":"Server running on port 3001 in development mode","service":"rag-doc-analyzer-backend","timestamp":"2025-06-01 17:24:00"}
{"level":"info","message":"Health check available at: http://localhost:3001/health","service":"rag-doc-analyzer-backend","timestamp":"2025-06-01 17:24:00"}
{"level":"info","message":"Firebase Admin SDK initialized successfully","service":"rag-doc-analyzer-backend","timestamp":"2025-06-01 17:24:01"}
{"level":"info","message":"Firebase initialized successfully","service":"rag-doc-analyzer-backend","timestamp":"2025-06-01 17:24:01"}
{"level":"info","message":"Server running on port 3001 in development mode","service":"rag-doc-analyzer-backend","timestamp":"2025-06-01 17:24:01"}
{"level":"info","message":"Health check available at: http://localhost:3001/health","service":"rag-doc-analyzer-backend","timestamp":"2025-06-01 17:24:01"}
{"level":"info","message":"Firebase Admin SDK initialized successfully","service":"rag-doc-analyzer-backend","timestamp":"2025-06-01 17:24:33"}
{"level":"info","message":"Firebase initialized successfully","service":"rag-doc-analyzer-backend","timestamp":"2025-06-01 17:24:33"}
{"level":"info","message":"Server running on port 3001 in development mode","service":"rag-doc-analyzer-backend","timestamp":"2025-06-01 17:24:33"}
{"level":"info","message":"Health check available at: http://localhost:3001/health","service":"rag-doc-analyzer-backend","timestamp":"2025-06-01 17:24:33"}
{"level":"info","message":"Firebase Admin SDK initialized successfully","service":"rag-doc-analyzer-backend","timestamp":"2025-06-01 17:24:34"}
{"level":"info","message":"Firebase initialized successfully","service":"rag-doc-analyzer-backend","timestamp":"2025-06-01 17:24:34"}
{"level":"info","message":"Server running on port 3001 in development mode","service":"rag-doc-analyzer-backend","timestamp":"2025-06-01 17:24:34"}
{"level":"info","message":"Health check available at: http://localhost:3001/health","service":"rag-doc-analyzer-backend","timestamp":"2025-06-01 17:24:34"}
{"level":"info","message":"Firebase Admin SDK initialized successfully","service":"rag-doc-analyzer-backend","timestamp":"2025-06-01 17:24:53"}
{"level":"info","message":"Firebase initialized successfully","service":"rag-doc-analyzer-backend","timestamp":"2025-06-01 17:24:53"}
{"level":"info","message":"Server running on port 3001 in development mode","service":"rag-doc-analyzer-backend","timestamp":"2025-06-01 17:24:53"}
{"level":"info","message":"Health check available at: http://localhost:3001/health","service":"rag-doc-analyzer-backend","timestamp":"2025-06-01 17:24:53"}
{"level":"info","message":"Firebase Admin SDK initialized successfully","service":"rag-doc-analyzer-backend","timestamp":"2025-06-01 17:24:56"}
{"level":"info","message":"Firebase initialized successfully","service":"rag-doc-analyzer-backend","timestamp":"2025-06-01 17:24:56"}
{"level":"info","message":"Server running on port 3001 in development mode","service":"rag-doc-analyzer-backend","timestamp":"2025-06-01 17:24:56"}
{"level":"info","message":"Health check available at: http://localhost:3001/health","service":"rag-doc-analyzer-backend","timestamp":"2025-06-01 17:24:56"}
{"level":"info","message":"Firebase Admin SDK initialized successfully","service":"rag-doc-analyzer-backend","timestamp":"2025-06-01 17:25:07"}
{"level":"info","message":"Firebase initialized successfully","service":"rag-doc-analyzer-backend","timestamp":"2025-06-01 17:25:07"}
{"level":"info","message":"Server running on port 3001 in development mode","service":"rag-doc-analyzer-backend","timestamp":"2025-06-01 17:25:07"}
{"level":"info","message":"Health check available at: http://localhost:3001/health","service":"rag-doc-analyzer-backend","timestamp":"2025-06-01 17:25:07"}
{"level":"info","message":"Firebase Admin SDK initialized successfully","service":"rag-doc-analyzer-backend","timestamp":"2025-06-01 17:25:16"}
{"level":"info","message":"Firebase initialized successfully","service":"rag-doc-analyzer-backend","timestamp":"2025-06-01 17:25:16"}
{"level":"info","message":"Server running on port 3001 in development mode","service":"rag-doc-analyzer-backend","timestamp":"2025-06-01 17:25:16"}
{"level":"info","message":"Health check available at: http://localhost:3001/health","service":"rag-doc-analyzer-backend","timestamp":"2025-06-01 17:25:16"}
{"level":"info","message":"Firebase Admin SDK initialized successfully","service":"rag-doc-analyzer-backend","timestamp":"2025-06-01 17:25:18"}
{"level":"info","message":"Firebase initialized successfully","service":"rag-doc-analyzer-backend","timestamp":"2025-06-01 17:25:18"}
{"level":"info","message":"Server running on port 3001 in development mode","service":"rag-doc-analyzer-backend","timestamp":"2025-06-01 17:25:18"}
{"level":"info","message":"Health check available at: http://localhost:3001/health","service":"rag-doc-analyzer-backend","timestamp":"2025-06-01 17:25:18"}
{"level":"info","message":"Firebase Admin SDK initialized successfully","service":"rag-doc-analyzer-backend","timestamp":"2025-06-01 17:25:23"}
{"level":"info","message":"Firebase initialized successfully","service":"rag-doc-analyzer-backend","timestamp":"2025-06-01 17:25:23"}
{"level":"info","message":"Server running on port 3001 in development mode","service":"rag-doc-analyzer-backend","timestamp":"2025-06-01 17:25:23"}
{"level":"info","message":"Health check available at: http://localhost:3001/health","service":"rag-doc-analyzer-backend","timestamp":"2025-06-01 17:25:23"}
{"level":"info","message":"Firebase Admin SDK initialized successfully","service":"rag-doc-analyzer-backend","timestamp":"2025-06-01 17:25:30"}
{"level":"info","message":"Firebase initialized successfully","service":"rag-doc-analyzer-backend","timestamp":"2025-06-01 17:25:30"}
{"level":"info","message":"Server running on port 3001 in development mode","service":"rag-doc-analyzer-backend","timestamp":"2025-06-01 17:25:30"}
{"level":"info","message":"Health check available at: http://localhost:3001/health","service":"rag-doc-analyzer-backend","timestamp":"2025-06-01 17:25:30"}
{"level":"info","message":"Firebase Admin SDK initialized successfully","service":"rag-doc-analyzer-backend","timestamp":"2025-06-01 17:25:37"}
{"level":"info","message":"Firebase initialized successfully","service":"rag-doc-analyzer-backend","timestamp":"2025-06-01 17:25:37"}
{"level":"info","message":"Server running on port 3001 in development mode","service":"rag-doc-analyzer-backend","timestamp":"2025-06-01 17:25:37"}
{"level":"info","message":"Health check available at: http://localhost:3001/health","service":"rag-doc-analyzer-backend","timestamp":"2025-06-01 17:25:37"}
{"level":"info","message":"Firebase Admin SDK initialized successfully","service":"rag-doc-analyzer-backend","timestamp":"2025-06-01 17:25:51"}
{"level":"info","message":"Firebase initialized successfully","service":"rag-doc-analyzer-backend","timestamp":"2025-06-01 17:25:51"}
{"level":"info","message":"Server running on port 3001 in development mode","service":"rag-doc-analyzer-backend","timestamp":"2025-06-01 17:25:51"}
{"level":"info","message":"Health check available at: http://localhost:3001/health","service":"rag-doc-analyzer-backend","timestamp":"2025-06-01 17:25:51"}
{"level":"info","message":"Firebase Admin SDK initialized successfully","service":"rag-doc-analyzer-backend","timestamp":"2025-06-01 17:25:53"}
{"level":"info","message":"Firebase initialized successfully","service":"rag-doc-analyzer-backend","timestamp":"2025-06-01 17:25:53"}
{"level":"info","message":"Server running on port 3001 in development mode","service":"rag-doc-analyzer-backend","timestamp":"2025-06-01 17:25:53"}
{"level":"info","message":"Health check available at: http://localhost:3001/health","service":"rag-doc-analyzer-backend","timestamp":"2025-06-01 17:25:53"}
{"level":"info","message":"Firebase Admin SDK initialized successfully","service":"rag-doc-analyzer-backend","timestamp":"2025-06-01 18:44:59"}
{"level":"info","message":"Firebase initialized successfully","service":"rag-doc-analyzer-backend","timestamp":"2025-06-01 18:44:59"}
{"level":"info","message":"Server running on port 3001 in development mode","service":"rag-doc-analyzer-backend","timestamp":"2025-06-01 18:44:59"}
{"level":"info","message":"Health check available at: http://localhost:3001/health","service":"rag-doc-analyzer-backend","timestamp":"2025-06-01 18:44:59"}
{"level":"info","message":"::1 - - [01/Jun/2025:13:18:22 +0000] \"GET /health HTTP/1.1\" 200 105 \"-\" \"curl/8.7.1\"","service":"rag-doc-analyzer-backend","timestamp":"2025-06-01 18:48:22"}
{"codePrefix":"auth","errorInfo":{"code":"auth/configuration-not-found","message":"There is no configuration corresponding to the provided identifier."},"level":"error","message":"Firebase user creation failed: There is no configuration corresponding to the provided identifier.","service":"rag-doc-analyzer-backend","stack":"Error: There is no configuration corresponding to the provided identifier.\n    at FirebaseAuthError.fromServerError (/Users/aayush-gupta/Documents/playground/rag-doc-analyzer/backend/node_modules/firebase-admin/lib/utils/error.js:146:16)\n    at /Users/aayush-gupta/Documents/playground/rag-doc-analyzer/backend/node_modules/firebase-admin/lib/auth/auth-api-request.js:1628:49\n    at process.processTicksAndRejections (node:internal/process/task_queues:105:5)\n    at async register (/Users/aayush-gupta/Documents/playground/rag-doc-analyzer/backend/src/controllers/authController.js:40:24)","timestamp":"2025-06-01 18:48:33"}
{"level":"info","message":"::1 - - [01/Jun/2025:13:18:33 +0000] \"POST /api/auth/register HTTP/1.1\" 400 137 \"-\" \"curl/8.7.1\"","service":"rag-doc-analyzer-backend","timestamp":"2025-06-01 18:48:33"}
{"level":"info","message":"SIGINT received, shutting down gracefully","service":"rag-doc-analyzer-backend","timestamp":"2025-06-01 19:00:18"}
{"level":"info","message":"Process terminated","service":"rag-doc-analyzer-backend","timestamp":"2025-06-01 19:00:18"}
{"level":"info","message":"SIGINT received, shutting down gracefully","service":"rag-doc-analyzer-backend","timestamp":"2025-06-01 19:00:18"}
{"level":"info","message":"Process terminated","service":"rag-doc-analyzer-backend","timestamp":"2025-06-01 19:00:18"}
{"level":"info","message":"Firebase Admin SDK initialized successfully","service":"rag-doc-analyzer-backend","timestamp":"2025-06-01 20:32:10"}
{"level":"info","message":"Firebase initialized successfully","service":"rag-doc-analyzer-backend","timestamp":"2025-06-01 20:32:10"}
{"level":"info","message":"Server running on port 3001 in development mode","service":"rag-doc-analyzer-backend","timestamp":"2025-06-01 20:32:10"}
{"level":"info","message":"Health check available at: http://localhost:3001/health","service":"rag-doc-analyzer-backend","timestamp":"2025-06-01 20:32:10"}
{"codePrefix":"auth","errorInfo":{"code":"auth/configuration-not-found","message":"There is no configuration corresponding to the provided identifier."},"level":"error","message":"Firebase user creation failed: There is no configuration corresponding to the provided identifier.","service":"rag-doc-analyzer-backend","stack":"Error: There is no configuration corresponding to the provided identifier.\n    at FirebaseAuthError.fromServerError (/Users/aayush-gupta/Documents/playground/rag-doc-analyzer/backend/node_modules/firebase-admin/lib/utils/error.js:146:16)\n    at /Users/aayush-gupta/Documents/playground/rag-doc-analyzer/backend/node_modules/firebase-admin/lib/auth/auth-api-request.js:1628:49\n    at process.processTicksAndRejections (node:internal/process/task_queues:105:5)\n    at async register (/Users/aayush-gupta/Documents/playground/rag-doc-analyzer/backend/src/controllers/authController.js:40:24)","timestamp":"2025-06-01 20:32:14"}
{"level":"info","message":"::1 - - [01/Jun/2025:15:02:14 +0000] \"POST /api/auth/register HTTP/1.1\" 400 137 \"http://localhost:5173/\" \"Mozilla/5.0 (Macintosh; Intel Mac OS X 10_15_7) AppleWebKit/537.36 (KHTML, like Gecko) Chrome/136.0.0.0 Safari/537.36\"","service":"rag-doc-analyzer-backend","timestamp":"2025-06-01 20:32:14"}
{"codePrefix":"auth","errorInfo":{"code":"auth/configuration-not-found","message":"There is no configuration corresponding to the provided identifier."},"level":"error","message":"Firebase user creation failed: There is no configuration corresponding to the provided identifier.","service":"rag-doc-analyzer-backend","stack":"Error: There is no configuration corresponding to the provided identifier.\n    at FirebaseAuthError.fromServerError (/Users/aayush-gupta/Documents/playground/rag-doc-analyzer/backend/node_modules/firebase-admin/lib/utils/error.js:146:16)\n    at /Users/aayush-gupta/Documents/playground/rag-doc-analyzer/backend/node_modules/firebase-admin/lib/auth/auth-api-request.js:1628:49\n    at process.processTicksAndRejections (node:internal/process/task_queues:105:5)\n    at async register (/Users/aayush-gupta/Documents/playground/rag-doc-analyzer/backend/src/controllers/authController.js:40:24)","timestamp":"2025-06-01 20:33:22"}
{"level":"info","message":"::1 - - [01/Jun/2025:15:03:22 +0000] \"POST /api/auth/register HTTP/1.1\" 400 137 \"-\" \"curl/8.7.1\"","service":"rag-doc-analyzer-backend","timestamp":"2025-06-01 20:33:22"}
{"codePrefix":"auth","errorInfo":{"code":"auth/configuration-not-found","message":"There is no configuration corresponding to the provided identifier."},"level":"error","message":"Firebase user creation failed: There is no configuration corresponding to the provided identifier.","service":"rag-doc-analyzer-backend","stack":"Error: There is no configuration corresponding to the provided identifier.\n    at FirebaseAuthError.fromServerError (/Users/aayush-gupta/Documents/playground/rag-doc-analyzer/backend/node_modules/firebase-admin/lib/utils/error.js:146:16)\n    at /Users/aayush-gupta/Documents/playground/rag-doc-analyzer/backend/node_modules/firebase-admin/lib/auth/auth-api-request.js:1628:49\n    at process.processTicksAndRejections (node:internal/process/task_queues:105:5)\n    at async register (/Users/aayush-gupta/Documents/playground/rag-doc-analyzer/backend/src/controllers/authController.js:40:24)","timestamp":"2025-06-01 20:34:39"}
{"level":"info","message":"::1 - - [01/Jun/2025:15:04:39 +0000] \"POST /api/auth/register HTTP/1.1\" 400 137 \"http://localhost:5173/\" \"Mozilla/5.0 (Macintosh; Intel Mac OS X 10_15_7) AppleWebKit/537.36 (KHTML, like Gecko) Chrome/136.0.0.0 Safari/537.36\"","service":"rag-doc-analyzer-backend","timestamp":"2025-06-01 20:34:39"}
{"level":"info","message":"SIGINT received, shutting down gracefully","service":"rag-doc-analyzer-backend","timestamp":"2025-06-01 20:37:16"}
{"level":"info","message":"Process terminated","service":"rag-doc-analyzer-backend","timestamp":"2025-06-01 20:37:16"}
{"level":"info","message":"Initializing Firebase with project:","service":"rag-doc-analyzer-backend","timestamp":"2025-06-01 20:42:37"}
{"level":"info","message":"Firebase Admin SDK initialized successfully","service":"rag-doc-analyzer-backend","timestamp":"2025-06-01 20:42:37"}
{"level":"info","message":"Firebase initialized successfully","service":"rag-doc-analyzer-backend","timestamp":"2025-06-01 20:42:37"}
{"level":"info","message":"Server running on port 3001 in development mode","service":"rag-doc-analyzer-backend","timestamp":"2025-06-01 20:42:37"}
{"level":"info","message":"Health check available at: http://localhost:3001/health","service":"rag-doc-analyzer-backend","timestamp":"2025-06-01 20:42:37"}
{"codePrefix":"auth","errorInfo":{"code":"auth/configuration-not-found","message":"There is no configuration corresponding to the provided identifier."},"level":"error","message":"Firebase user creation failed: There is no configuration corresponding to the provided identifier.","service":"rag-doc-analyzer-backend","stack":"Error: There is no configuration corresponding to the provided identifier.\n    at FirebaseAuthError.fromServerError (/Users/aayush-gupta/Documents/playground/rag-doc-analyzer/backend/node_modules/firebase-admin/lib/utils/error.js:146:16)\n    at /Users/aayush-gupta/Documents/playground/rag-doc-analyzer/backend/node_modules/firebase-admin/lib/auth/auth-api-request.js:1628:49\n    at process.processTicksAndRejections (node:internal/process/task_queues:105:5)\n    at async register (/Users/aayush-gupta/Documents/playground/rag-doc-analyzer/backend/src/controllers/authController.js:40:24)","timestamp":"2025-06-01 20:43:06"}
{"level":"info","message":"::1 - - [01/Jun/2025:15:13:07 +0000] \"POST /api/auth/register HTTP/1.1\" 400 137 \"http://localhost:5173/\" \"Mozilla/5.0 (Macintosh; Intel Mac OS X 10_15_7) AppleWebKit/537.36 (KHTML, like Gecko) Chrome/136.0.0.0 Safari/537.36\"","service":"rag-doc-analyzer-backend","timestamp":"2025-06-01 20:43:07"}
{"level":"info","message":"SIGINT received, shutting down gracefully","service":"rag-doc-analyzer-backend","timestamp":"2025-06-01 20:43:35"}
{"level":"info","message":"Process terminated","service":"rag-doc-analyzer-backend","timestamp":"2025-06-01 20:43:35"}
